<?xml version="1.0" encoding="UTF-8"?>
<!-- Generated by org.testng.reporters.JUnitXMLReporter -->
<testsuite ignored="2" hostname="LAPTOP-MDJBNNKQ" failures="0" tests="4" name="Test" time="2.903" errors="0" timestamp="2024-09-02T20:41:06 IST">
  <testcase classname="open.source.testcases.CreateAndValidateHoliday" name="@BeforeTest logIn" time="0.068">
    <failure type="java.lang.NullPointerException" message="Cannot invoke &amp;quot;java.util.Properties.getProperty(String)&amp;quot; because &amp;quot;properties&amp;quot; is null">
      <![CDATA[java.lang.NullPointerException: Cannot invoke "java.util.Properties.getProperty(String)" because "properties" is null
at open.source.pages.LogInPage.logIntoApplication(LogInPage.java:41)
at open.source.testcases.CreateAndValidateHoliday.logIn(CreateAndValidateHoliday.java:16)
... Removed 24 stack frames]]>
    </failure>
  </testcase> <!-- @BeforeTest logIn -->
  <testcase classname="open.source.testcases.EmployeeCreationAndValidationTest" name="@BeforeTest logIn" time="0.0">
    <skipped/>
  </testcase> <!-- @BeforeTest logIn -->
  <testcase classname="open.source.testcases.EmployeeCreationAndValidationTest" name="createAnEmployee" time="0.001">
    <skipped/>
  </testcase> <!-- createAnEmployee -->
  <testcase classname="open.source.testcases.CreateAndValidateHoliday" name="createAHoliday" time="0.0">
    <skipped/>
  </testcase> <!-- createAHoliday -->
  <testcase classname="open.source.testcases.EmployeeCreationAndValidationTest" name="validateCreatedEmployeeDetails" time="0.0">
    <skipped/>
  </testcase> <!-- validateCreatedEmployeeDetails -->
  <testcase classname="open.source.testcases.CreateAndValidateHoliday" name="validateCreatedHolidayDetails" time="0.0">
    <skipped/>
  </testcase> <!-- validateCreatedHolidayDetails -->
  <testcase classname="open.source.utils.BaseTest" name="@BeforeTest launchBrowser" time="0.0">
    <ignored/>
  </testcase> <!-- @BeforeTest launchBrowser -->
  <testcase classname="open.source.utils.BaseTest" name="@AfterSuite closeBrowserSession" time="0.0">
    <ignored/>
  </testcase> <!-- @AfterSuite closeBrowserSession -->
</testsuite> <!-- Test -->
