<?xml version="1.0" encoding="UTF-8"?>
<testng-results ignored="0" total="1" passed="1" failed="0" skipped="0">
  <reporter-output>
  </reporter-output>
  <suite started-at="2024-08-30T12:16:36 IST" name="Surefire suite" finished-at="2024-08-30T12:16:36 IST" duration-ms="98">
    <groups>
    </groups>
    <test started-at="2024-08-30T12:16:36 IST" name="Surefire test" finished-at="2024-08-30T12:16:36 IST" duration-ms="98">
      <class name="OpenSourceDemo.MavenJava.AppTest">
        <test-method signature="execute()[pri:0, instance:OpenSourceDemo.MavenJava.AppTest@770c2e6b]" started-at="2024-08-30T12:16:36 IST" name="execute" finished-at="2024-08-30T12:16:36 IST" duration-ms="14" status="PASS">
          <reporter-output>
          </reporter-output>
        </test-method> <!-- execute -->
      </class> <!-- OpenSourceDemo.MavenJava.AppTest -->
    </test> <!-- Surefire test -->
  </suite> <!-- Surefire suite -->
</testng-results>
