<?xml version="1.0" encoding="UTF-8"?>
<testng-results ignored="0" total="4" passed="4" failed="0" skipped="0">
  <reporter-output>
  </reporter-output>
  <suite started-at="2024-09-02T21:26:41 IST" name="Suite" finished-at="2024-09-02T21:29:00 IST" duration-ms="138726">
    <groups>
    </groups>
    <test started-at="2024-09-02T21:26:41 IST" name="Test-one" finished-at="2024-09-02T21:28:46 IST" duration-ms="124848">
      <class name="open.source.testcases.CreateAndValidateHoliday">
        <test-method is-config="true" signature="launchBrowser()[pri:0, instance:open.source.testcases.CreateAndValidateHoliday@5b12b668]" started-at="2024-09-02T21:26:41 IST" name="launchBrowser" finished-at="2024-09-02T21:26:48 IST" duration-ms="7006" status="PASS">
          <reporter-output>
          </reporter-output>
        </test-method> <!-- launchBrowser -->
        <test-method is-config="true" signature="logIn()[pri:0, instance:open.source.testcases.CreateAndValidateHoliday@5b12b668]" started-at="2024-09-02T21:26:48 IST" name="logIn" finished-at="2024-09-02T21:28:01 IST" depends-on-methods="open.source.utils.BaseTest.launchBrowser" duration-ms="72980" status="PASS">
          <reporter-output>
          </reporter-output>
        </test-method> <!-- logIn -->
        <test-method signature="createAHoliday()[pri:0, instance:open.source.testcases.CreateAndValidateHoliday@5b12b668]" started-at="2024-09-02T21:28:01 IST" name="createAHoliday" finished-at="2024-09-02T21:28:33 IST" duration-ms="32172" status="PASS">
          <reporter-output>
          </reporter-output>
        </test-method> <!-- createAHoliday -->
        <test-method signature="validateCreatedHolidayDetails()[pri:0, instance:open.source.testcases.CreateAndValidateHoliday@5b12b668]" started-at="2024-09-02T21:28:33 IST" name="validateCreatedHolidayDetails" finished-at="2024-09-02T21:28:45 IST" depends-on-methods="open.source.testcases.CreateAndValidateHoliday.createAHoliday" duration-ms="11942" status="PASS">
          <reporter-output>
          </reporter-output>
        </test-method> <!-- validateCreatedHolidayDetails -->
        <test-method is-config="true" signature="closeBrowserSession()[pri:0, instance:open.source.testcases.CreateAndValidateHoliday@5b12b668]" started-at="2024-09-02T21:28:45 IST" name="closeBrowserSession" finished-at="2024-09-02T21:28:46 IST" duration-ms="627" status="PASS">
          <reporter-output>
          </reporter-output>
        </test-method> <!-- closeBrowserSession -->
      </class> <!-- open.source.testcases.CreateAndValidateHoliday -->
    </test> <!-- Test-one -->
    <test started-at="2024-09-02T21:26:41 IST" name="Test-two" finished-at="2024-09-02T21:29:00 IST" duration-ms="138726">
      <class name="open.source.testcases.EmployeeCreationAndValidationTest">
        <test-method is-config="true" signature="launchBrowser()[pri:0, instance:open.source.testcases.EmployeeCreationAndValidationTest@45c7e403]" started-at="2024-09-02T21:26:41 IST" name="launchBrowser" finished-at="2024-09-02T21:26:48 IST" duration-ms="7025" status="PASS">
          <reporter-output>
          </reporter-output>
        </test-method> <!-- launchBrowser -->
        <test-method is-config="true" signature="logIn()[pri:0, instance:open.source.testcases.EmployeeCreationAndValidationTest@45c7e403]" started-at="2024-09-02T21:26:48 IST" name="logIn" finished-at="2024-09-02T21:28:35 IST" depends-on-methods="open.source.utils.BaseTest.launchBrowser" duration-ms="107306" status="PASS">
          <reporter-output>
          </reporter-output>
        </test-method> <!-- logIn -->
        <test-method signature="createAnEmployee()[pri:0, instance:open.source.testcases.EmployeeCreationAndValidationTest@45c7e403]" started-at="2024-09-02T21:28:35 IST" name="createAnEmployee" finished-at="2024-09-02T21:28:44 IST" duration-ms="9171" status="PASS">
          <reporter-output>
          </reporter-output>
        </test-method> <!-- createAnEmployee -->
        <test-method signature="validateCreatedEmployeeDetails()[pri:0, instance:open.source.testcases.EmployeeCreationAndValidationTest@45c7e403]" started-at="2024-09-02T21:28:44 IST" name="validateCreatedEmployeeDetails" finished-at="2024-09-02T21:28:59 IST" depends-on-methods="open.source.testcases.EmployeeCreationAndValidationTest.createAnEmployee" duration-ms="14713" status="PASS">
          <reporter-output>
          </reporter-output>
        </test-method> <!-- validateCreatedEmployeeDetails -->
        <test-method is-config="true" signature="closeBrowserSession()[pri:0, instance:open.source.testcases.EmployeeCreationAndValidationTest@45c7e403]" started-at="2024-09-02T21:28:59 IST" name="closeBrowserSession" finished-at="2024-09-02T21:29:00 IST" duration-ms="479" status="PASS">
          <reporter-output>
          </reporter-output>
        </test-method> <!-- closeBrowserSession -->
      </class> <!-- open.source.testcases.EmployeeCreationAndValidationTest -->
    </test> <!-- Test-two -->
  </suite> <!-- Suite -->
</testng-results>
